[23-Sep-2024 23:06:48 UTC] PHP Warning:  Undefined variable $name in C:\teste-yii2\views\site\error.php on line 10
[23-Sep-2024 23:06:48 UTC] PHP Warning:  Undefined variable $message in C:\teste-yii2\views\site\error.php on line 17
[23-Sep-2024 23:06:51 UTC] PHP Warning:  Undefined variable $name in C:\teste-yii2\views\site\error.php on line 10
[23-Sep-2024 23:06:51 UTC] PHP Warning:  Undefined variable $message in C:\teste-yii2\views\site\error.php on line 17
[23-Sep-2024 23:11:46 UTC] PHP Warning:  Undefined variable $name in C:\teste-yii2\views\site\error.php on line 10
[23-Sep-2024 23:11:46 UTC] PHP Warning:  Undefined variable $message in C:\teste-yii2\views\site\error.php on line 17
[23-Sep-2024 23:12:01 UTC] PHP Warning:  Undefined variable $name in C:\teste-yii2\views\site\error.php on line 10
[23-Sep-2024 23:12:01 UTC] PHP Warning:  Undefined variable $message in C:\teste-yii2\views\site\error.php on line 17
[23-Sep-2024 23:13:23 UTC] PHP Warning:  Undefined variable $name in C:\teste-yii2\views\site\error.php on line 10
[23-Sep-2024 23:13:23 UTC] PHP Warning:  Undefined variable $message in C:\teste-yii2\views\site\error.php on line 17
[23-Sep-2024 23:43:21 UTC] PHP Warning:  Undefined variable $name in C:\teste-yii2\views\site\error.php on line 10
[23-Sep-2024 23:43:21 UTC] PHP Warning:  Undefined variable $message in C:\teste-yii2\views\site\error.php on line 17
[23-Sep-2024 23:44:12 UTC] PHP Warning:  Undefined variable $name in C:\teste-yii2\views\site\error.php on line 10
[23-Sep-2024 23:44:12 UTC] PHP Warning:  Undefined variable $message in C:\teste-yii2\views\site\error.php on line 17
[23-Sep-2024 23:45:17 UTC] PHP Warning:  Undefined variable $name in C:\teste-yii2\views\site\error.php on line 10
[23-Sep-2024 23:45:17 UTC] PHP Warning:  Undefined variable $message in C:\teste-yii2\views\site\error.php on line 17
[23-Sep-2024 23:55:36 UTC] PHP Warning:  Undefined variable $name in C:\teste-yii2\views\site\error.php on line 10
[23-Sep-2024 23:55:36 UTC] PHP Warning:  Undefined variable $message in C:\teste-yii2\views\site\error.php on line 17
[23-Sep-2024 23:56:23 UTC] PHP Warning:  Undefined variable $name in C:\teste-yii2\views\site\error.php on line 10
[23-Sep-2024 23:56:23 UTC] PHP Warning:  Undefined variable $message in C:\teste-yii2\views\site\error.php on line 17
[24-Sep-2024 00:43:50 UTC] PHP Warning:  Undefined variable $name in C:\teste-yii2\views\site\error.php on line 10
[24-Sep-2024 00:43:50 UTC] PHP Warning:  Undefined variable $message in C:\teste-yii2\views\site\error.php on line 17
[24-Sep-2024 00:43:54 UTC] PHP Warning:  Undefined variable $name in C:\teste-yii2\views\site\error.php on line 10
[24-Sep-2024 00:43:54 UTC] PHP Warning:  Undefined variable $message in C:\teste-yii2\views\site\error.php on line 17
[24-Sep-2024 00:44:13 UTC] PHP Warning:  Undefined variable $name in C:\teste-yii2\views\site\error.php on line 10
[24-Sep-2024 00:44:13 UTC] PHP Warning:  Undefined variable $message in C:\teste-yii2\views\site\error.php on line 17
[24-Sep-2024 01:02:59 UTC] PHP Warning:  Undefined variable $name in C:\teste-yii2\views\site\error.php on line 10
[24-Sep-2024 01:02:59 UTC] PHP Warning:  Undefined variable $message in C:\teste-yii2\views\site\error.php on line 17
[24-Sep-2024 01:02:59 UTC] PHP Warning:  Undefined variable $name in C:\teste-yii2\views\site\error.php on line 10
[24-Sep-2024 01:02:59 UTC] PHP Warning:  Undefined variable $message in C:\teste-yii2\views\site\error.php on line 17
[24-Sep-2024 01:04:29 UTC] PHP Warning:  Undefined variable $name in C:\teste-yii2\views\site\error.php on line 10
[24-Sep-2024 01:04:29 UTC] PHP Warning:  Undefined variable $message in C:\teste-yii2\views\site\error.php on line 17
[24-Sep-2024 01:04:29 UTC] PHP Warning:  Undefined variable $name in C:\teste-yii2\views\site\error.php on line 10
[24-Sep-2024 01:04:29 UTC] PHP Warning:  Undefined variable $message in C:\teste-yii2\views\site\error.php on line 17
[24-Sep-2024 01:04:36 UTC] PHP Warning:  Undefined variable $name in C:\teste-yii2\views\site\error.php on line 10
[24-Sep-2024 01:04:36 UTC] PHP Warning:  Undefined variable $message in C:\teste-yii2\views\site\error.php on line 17
[24-Sep-2024 01:04:47 UTC] PHP Warning:  Undefined variable $name in C:\teste-yii2\views\site\error.php on line 10
[24-Sep-2024 01:04:47 UTC] PHP Warning:  Undefined variable $message in C:\teste-yii2\views\site\error.php on line 17
[24-Sep-2024 01:22:11 UTC] PHP Warning:  Undefined variable $name in C:\teste-yii2\views\site\error.php on line 10
[24-Sep-2024 01:22:11 UTC] PHP Warning:  Undefined variable $message in C:\teste-yii2\views\site\error.php on line 17
[24-Sep-2024 01:22:16 UTC] PHP Warning:  Undefined variable $name in C:\teste-yii2\views\site\error.php on line 10
[24-Sep-2024 01:22:16 UTC] PHP Warning:  Undefined variable $message in C:\teste-yii2\views\site\error.php on line 17
[24-Sep-2024 01:48:56 UTC] PHP Warning:  Undefined variable $name in C:\teste-yii2\views\site\error.php on line 10
[24-Sep-2024 01:48:56 UTC] PHP Warning:  Undefined variable $message in C:\teste-yii2\views\site\error.php on line 17
[24-Sep-2024 03:45:25 UTC] PHP Warning:  Undefined variable $name in C:\teste-yii2\views\site\error.php on line 10
[24-Sep-2024 03:45:25 UTC] PHP Warning:  Undefined variable $message in C:\teste-yii2\views\site\error.php on line 17
[24-Sep-2024 03:46:07 UTC] PHP Warning:  Undefined variable $name in C:\teste-yii2\views\site\error.php on line 10
[24-Sep-2024 03:46:07 UTC] PHP Warning:  Undefined variable $message in C:\teste-yii2\views\site\error.php on line 17
[24-Sep-2024 12:39:49 UTC] PHP Warning:  Undefined variable $name in C:\teste-yii2\views\site\error.php on line 10
[24-Sep-2024 12:39:49 UTC] PHP Warning:  Undefined variable $message in C:\teste-yii2\views\site\error.php on line 18
[24-Sep-2024 12:40:43 UTC] PHP Warning:  Undefined variable $name in C:\teste-yii2\views\site\error.php on line 10
[24-Sep-2024 12:40:43 UTC] PHP Warning:  Undefined variable $message in C:\teste-yii2\views\site\error.php on line 18
[24-Sep-2024 12:43:15 UTC] PHP Warning:  Undefined variable $name in C:\teste-yii2\views\site\error.php on line 10
[24-Sep-2024 12:43:15 UTC] PHP Warning:  Undefined variable $message in C:\teste-yii2\views\site\error.php on line 18
[24-Sep-2024 12:46:31 UTC] PHP Warning:  Undefined variable $name in C:\teste-yii2\views\site\error.php on line 10
[24-Sep-2024 12:46:31 UTC] PHP Warning:  Undefined variable $message in C:\teste-yii2\views\site\error.php on line 18
[24-Sep-2024 12:51:17 UTC] PHP Warning:  Undefined variable $name in C:\teste-yii2\views\site\error.php on line 10
[24-Sep-2024 12:51:17 UTC] PHP Warning:  Undefined variable $message in C:\teste-yii2\views\site\error.php on line 18
[24-Sep-2024 12:51:28 UTC] PHP Warning:  Undefined variable $name in C:\teste-yii2\views\site\error.php on line 10
[24-Sep-2024 12:51:28 UTC] PHP Warning:  Undefined variable $message in C:\teste-yii2\views\site\error.php on line 18
[24-Sep-2024 12:51:49 UTC] PHP Warning:  Undefined variable $name in C:\teste-yii2\views\site\error.php on line 10
[24-Sep-2024 12:51:49 UTC] PHP Warning:  Undefined variable $message in C:\teste-yii2\views\site\error.php on line 18
[24-Sep-2024 12:52:23 UTC] PHP Warning:  Undefined variable $name in C:\teste-yii2\views\site\error.php on line 10
[24-Sep-2024 12:52:23 UTC] PHP Warning:  Undefined variable $message in C:\teste-yii2\views\site\error.php on line 18
[24-Sep-2024 14:01:13 UTC] PHP Warning:  Undefined variable $name in C:\teste-yii2\views\site\error.php on line 10
[24-Sep-2024 14:01:13 UTC] PHP Warning:  Undefined variable $message in C:\teste-yii2\views\site\error.php on line 18
[24-Sep-2024 14:01:13 UTC] PHP Warning:  Undefined variable $name in C:\teste-yii2\views\site\error.php on line 10
[24-Sep-2024 14:01:13 UTC] PHP Warning:  Undefined variable $message in C:\teste-yii2\views\site\error.php on line 18
[24-Sep-2024 14:07:09 UTC] PHP Warning:  http_response_code(): Cannot set response code - headers already sent (output started at C:\teste-yii2\vendor\mpdf\mpdf\src\Mpdf.php:9624) in C:\teste-yii2\vendor\yiisoft\yii2\base\ErrorHandler.php on line 144
[24-Sep-2024 14:07:09 UTC] An Error occurred while handling another error:
yii\web\HeadersAlreadySentException: Headers already sent in C:\teste-yii2\vendor\mpdf\mpdf\src\Mpdf.php on line 9624. in C:\teste-yii2\vendor\yiisoft\yii2\web\Response.php:369
Stack trace:
#0 C:\teste-yii2\vendor\yiisoft\yii2\web\Response.php(342): yii\web\Response->sendHeaders()
#1 C:\teste-yii2\vendor\yiisoft\yii2\web\ErrorHandler.php(136): yii\web\Response->send()
#2 C:\teste-yii2\vendor\yiisoft\yii2\base\ErrorHandler.php(152): yii\web\ErrorHandler->renderException()
#3 [internal function]: yii\base\ErrorHandler->handleException()
#4 {main}
Previous exception:
yii\web\HeadersAlreadySentException: Headers already sent in C:\teste-yii2\vendor\mpdf\mpdf\src\Mpdf.php on line 9624. in C:\teste-yii2\vendor\yiisoft\yii2\web\Response.php:369
Stack trace:
#0 C:\teste-yii2\vendor\yiisoft\yii2\web\Response.php(342): yii\web\Response->sendHeaders()
#1 C:\teste-yii2\vendor\yiisoft\yii2\base\Application.php(390): yii\web\Response->send()
#2 C:\teste-yii2\web\index.php(12): yii\base\Application->run()
#3 {main}
$_SERVER = [
    'DOCUMENT_ROOT' => 'C:\\teste-yii2\\web',
    'REMOTE_ADDR' => '::1',
    'REMOTE_PORT' => '47182',
    'SERVER_SOFTWARE' => 'PHP/8.3.11 (Development Server)',
    'SERVER_PROTOCOL' => 'HTTP/1.1',
    'SERVER_NAME' => 'localhost',
    'SERVER_PORT' => '8080',
    'REQUEST_URI' => '/sale/export-pdf?ids=15',
    'REQUEST_METHOD' => 'GET',
    'SCRIPT_NAME' => '/index.php',
    'SCRIPT_FILENAME' => 'C:\\teste-yii2\\web\\index.php',
    'PATH_INFO' => '/sale/export-pdf',
    'PHP_SELF' => '/index.php/sale/export-pdf',
    'QUERY_STRING' => 'ids=15',
    'HTTP_HOST' => 'localhost:8080',
    'HTTP_CONNECTION' => 'keep-alive',
    'HTTP_PRAGMA' => 'no-cache',
    'HTTP_CACHE_CONTROL' => 'no-cache',
    'HTTP_SEC_CH_UA' => '"Microsoft Edge";v="129", "Not=A?Brand";v="8", "Chromium";v="129"',
    'HTTP_SEC_CH_UA_MOBILE' => '?0',
    'HTTP_SEC_CH_UA_PLATFORM' => '"Windows"',
    'HTTP_UPGRADE_INSECURE_REQUESTS' => '1',
    'HTTP_USER_AGENT' => 'Mozilla/5.0 (Windows NT 10.0; Win64; x64) AppleWebKit/537.36 (KHTML, like Gecko) Chrome/129.0.0.0 Safari/537.36 Edg/129.0.0.0',
    'HTTP_ACCEPT' => 'text/html,application/xhtml+xml,application/xml;q=0.9,image/avif,image/webp,image/apng,*/*;q=0.8,application/signed-exchange;v=b3;q=0.7',
    'HTTP_SEC_FETCH_SITE' => 'same-origin',
    'HTTP_SEC_FETCH_MODE' => 'navigate',
    'HTTP_SEC_FETCH_USER' => '?1',
    'HTTP_SEC_FETCH_DEST' => 'document',
    'HTTP_REFERER' => 'http://localhost:8080/sale/index',
    'HTTP_ACCEPT_ENCODING' => 'gzip, deflate, br, zstd',
    'HTTP_ACCEPT_LANGUAGE' => 'pt-PT,pt;q=0.9,pt-BR;q=0.8,en;q=0.7,en-US;q=0.6,en-GB;q=0.5',
    'HTTP_COOKIE' => 'PHPSESSID=8fg81ldfcjsfrcv3tauf3vpmmi; _identity=216473a8cd6ff1719156587684b2cbf44a2846d3635bfc0650d4e96132c3b815a%3A2%3A%7Bi%3A0%3Bs%3A9%3A%22_identity%22%3Bi%3A1%3Bs%3A46%3A%22%5B1%2C%22qzzTOttgW4ZGibeP8dMwmd4Y_0vPo7aR%22%2C2592000%5D%22%3B%7D; _csrf=2f5e9369ba70503c70b3710a466c21ac4f1b58e6bb2e289467b494000a2cf15da%3A2%3A%7Bi%3A0%3Bs%3A5%3A%22_csrf%22%3Bi%3A1%3Bs%3A32%3A%22biMxWFNkgztDsyQuIsFD3NGGAKZexvsU%22%3B%7D; mp_d7f79c10b89f9fa3026f2fb08d3cf36d_mixpanel=%7B%22distinct_id%22%3A%20%22%24device%3A19215a4af2b6d30-06e25f6747c0cc-4c657b58-2a3000-19215a4af2b6d30%22%2C%22%24device_id%22%3A%20%2219215a4af2b6d30-06e25f6747c0cc-4c657b58-2a3000-19215a4af2b6d30%22%2C%22%24initial_referrer%22%3A%20%22%24direct%22%2C%22%24initial_referring_domain%22%3A%20%22%24direct%22%7D',
    'REQUEST_TIME_FLOAT' => 1727186827.56431,
    'REQUEST_TIME' => 1727186827,
    'DB_HOST' => 'localhost',
    'DB_NAME' => 'teste',
    'DB_USERNAME' => 'postgres',
    'DB_PASSWORD' => '7812',
]
[24-Sep-2024 14:07:26 UTC] PHP Warning:  http_response_code(): Cannot set response code - headers already sent (output started at C:\teste-yii2\vendor\mpdf\mpdf\src\Mpdf.php:9624) in C:\teste-yii2\vendor\yiisoft\yii2\base\ErrorHandler.php on line 144
[24-Sep-2024 14:07:26 UTC] An Error occurred while handling another error:
yii\web\HeadersAlreadySentException: Headers already sent in C:\teste-yii2\vendor\mpdf\mpdf\src\Mpdf.php on line 9624. in C:\teste-yii2\vendor\yiisoft\yii2\web\Response.php:369
Stack trace:
#0 C:\teste-yii2\vendor\yiisoft\yii2\web\Response.php(342): yii\web\Response->sendHeaders()
#1 C:\teste-yii2\vendor\yiisoft\yii2\web\ErrorHandler.php(136): yii\web\Response->send()
#2 C:\teste-yii2\vendor\yiisoft\yii2\base\ErrorHandler.php(152): yii\web\ErrorHandler->renderException()
#3 [internal function]: yii\base\ErrorHandler->handleException()
#4 {main}
Previous exception:
yii\web\HeadersAlreadySentException: Headers already sent in C:\teste-yii2\vendor\mpdf\mpdf\src\Mpdf.php on line 9624. in C:\teste-yii2\vendor\yiisoft\yii2\web\Response.php:369
Stack trace:
#0 C:\teste-yii2\vendor\yiisoft\yii2\web\Response.php(342): yii\web\Response->sendHeaders()
#1 C:\teste-yii2\vendor\yiisoft\yii2\base\Application.php(390): yii\web\Response->send()
#2 C:\teste-yii2\web\index.php(12): yii\base\Application->run()
#3 {main}
$_SERVER = [
    'DOCUMENT_ROOT' => 'C:\\teste-yii2\\web',
    'REMOTE_ADDR' => '::1',
    'REMOTE_PORT' => '47219',
    'SERVER_SOFTWARE' => 'PHP/8.3.11 (Development Server)',
    'SERVER_PROTOCOL' => 'HTTP/1.1',
    'SERVER_NAME' => 'localhost',
    'SERVER_PORT' => '8080',
    'REQUEST_URI' => '/sale/export-pdf?ids=15',
    'REQUEST_METHOD' => 'GET',
    'SCRIPT_NAME' => '/index.php',
    'SCRIPT_FILENAME' => 'C:\\teste-yii2\\web\\index.php',
    'PATH_INFO' => '/sale/export-pdf',
    'PHP_SELF' => '/index.php/sale/export-pdf',
    'QUERY_STRING' => 'ids=15',
    'HTTP_HOST' => 'localhost:8080',
    'HTTP_CONNECTION' => 'keep-alive',
    'HTTP_PRAGMA' => 'no-cache',
    'HTTP_CACHE_CONTROL' => 'no-cache',
    'HTTP_SEC_CH_UA' => '"Microsoft Edge";v="129", "Not=A?Brand";v="8", "Chromium";v="129"',
    'HTTP_SEC_CH_UA_MOBILE' => '?0',
    'HTTP_SEC_CH_UA_PLATFORM' => '"Windows"',
    'HTTP_UPGRADE_INSECURE_REQUESTS' => '1',
    'HTTP_USER_AGENT' => 'Mozilla/5.0 (Windows NT 10.0; Win64; x64) AppleWebKit/537.36 (KHTML, like Gecko) Chrome/129.0.0.0 Safari/537.36 Edg/129.0.0.0',
    'HTTP_ACCEPT' => 'text/html,application/xhtml+xml,application/xml;q=0.9,image/avif,image/webp,image/apng,*/*;q=0.8,application/signed-exchange;v=b3;q=0.7',
    'HTTP_SEC_FETCH_SITE' => 'same-origin',
    'HTTP_SEC_FETCH_MODE' => 'navigate',
    'HTTP_SEC_FETCH_USER' => '?1',
    'HTTP_SEC_FETCH_DEST' => 'document',
    'HTTP_REFERER' => 'http://localhost:8080/sale',
    'HTTP_ACCEPT_ENCODING' => 'gzip, deflate, br, zstd',
    'HTTP_ACCEPT_LANGUAGE' => 'pt-PT,pt;q=0.9,pt-BR;q=0.8,en;q=0.7,en-US;q=0.6,en-GB;q=0.5',
    'HTTP_COOKIE' => 'PHPSESSID=8fg81ldfcjsfrcv3tauf3vpmmi; _identity=216473a8cd6ff1719156587684b2cbf44a2846d3635bfc0650d4e96132c3b815a%3A2%3A%7Bi%3A0%3Bs%3A9%3A%22_identity%22%3Bi%3A1%3Bs%3A46%3A%22%5B1%2C%22qzzTOttgW4ZGibeP8dMwmd4Y_0vPo7aR%22%2C2592000%5D%22%3B%7D; _csrf=2f5e9369ba70503c70b3710a466c21ac4f1b58e6bb2e289467b494000a2cf15da%3A2%3A%7Bi%3A0%3Bs%3A5%3A%22_csrf%22%3Bi%3A1%3Bs%3A32%3A%22biMxWFNkgztDsyQuIsFD3NGGAKZexvsU%22%3B%7D; mp_d7f79c10b89f9fa3026f2fb08d3cf36d_mixpanel=%7B%22distinct_id%22%3A%20%22%24device%3A19215a4af2b6d30-06e25f6747c0cc-4c657b58-2a3000-19215a4af2b6d30%22%2C%22%24device_id%22%3A%20%2219215a4af2b6d30-06e25f6747c0cc-4c657b58-2a3000-19215a4af2b6d30%22%2C%22%24initial_referrer%22%3A%20%22%24direct%22%2C%22%24initial_referring_domain%22%3A%20%22%24direct%22%7D',
    'REQUEST_TIME_FLOAT' => 1727186845.772004,
    'REQUEST_TIME' => 1727186845,
    'DB_HOST' => 'localhost',
    'DB_NAME' => 'teste',
    'DB_USERNAME' => 'postgres',
    'DB_PASSWORD' => '7812',
]
[24-Sep-2024 14:08:14 UTC] PHP Warning:  http_response_code(): Cannot set response code - headers already sent (output started at C:\teste-yii2\vendor\mpdf\mpdf\src\Mpdf.php:9624) in C:\teste-yii2\vendor\yiisoft\yii2\base\ErrorHandler.php on line 144
[24-Sep-2024 14:08:14 UTC] An Error occurred while handling another error:
yii\web\HeadersAlreadySentException: Headers already sent in C:\teste-yii2\vendor\mpdf\mpdf\src\Mpdf.php on line 9624. in C:\teste-yii2\vendor\yiisoft\yii2\web\Response.php:369
Stack trace:
#0 C:\teste-yii2\vendor\yiisoft\yii2\web\Response.php(342): yii\web\Response->sendHeaders()
#1 C:\teste-yii2\vendor\yiisoft\yii2\web\ErrorHandler.php(136): yii\web\Response->send()
#2 C:\teste-yii2\vendor\yiisoft\yii2\base\ErrorHandler.php(152): yii\web\ErrorHandler->renderException()
#3 [internal function]: yii\base\ErrorHandler->handleException()
#4 {main}
Previous exception:
yii\web\HeadersAlreadySentException: Headers already sent in C:\teste-yii2\vendor\mpdf\mpdf\src\Mpdf.php on line 9624. in C:\teste-yii2\vendor\yiisoft\yii2\web\Response.php:369
Stack trace:
#0 C:\teste-yii2\vendor\yiisoft\yii2\web\Response.php(342): yii\web\Response->sendHeaders()
#1 C:\teste-yii2\vendor\yiisoft\yii2\base\Application.php(390): yii\web\Response->send()
#2 C:\teste-yii2\web\index.php(12): yii\base\Application->run()
#3 {main}
$_SERVER = [
    'DOCUMENT_ROOT' => 'C:\\teste-yii2\\web',
    'REMOTE_ADDR' => '::1',
    'REMOTE_PORT' => '47286',
    'SERVER_SOFTWARE' => 'PHP/8.3.11 (Development Server)',
    'SERVER_PROTOCOL' => 'HTTP/1.1',
    'SERVER_NAME' => 'localhost',
    'SERVER_PORT' => '8080',
    'REQUEST_URI' => '/sale/export-pdf?ids=15',
    'REQUEST_METHOD' => 'GET',
    'SCRIPT_NAME' => '/index.php',
    'SCRIPT_FILENAME' => 'C:\\teste-yii2\\web\\index.php',
    'PATH_INFO' => '/sale/export-pdf',
    'PHP_SELF' => '/index.php/sale/export-pdf',
    'QUERY_STRING' => 'ids=15',
    'HTTP_HOST' => 'localhost:8080',
    'HTTP_CONNECTION' => 'keep-alive',
    'HTTP_PRAGMA' => 'no-cache',
    'HTTP_CACHE_CONTROL' => 'no-cache',
    'HTTP_SEC_CH_UA' => '"Microsoft Edge";v="129", "Not=A?Brand";v="8", "Chromium";v="129"',
    'HTTP_SEC_CH_UA_MOBILE' => '?0',
    'HTTP_SEC_CH_UA_PLATFORM' => '"Windows"',
    'HTTP_UPGRADE_INSECURE_REQUESTS' => '1',
    'HTTP_USER_AGENT' => 'Mozilla/5.0 (Windows NT 10.0; Win64; x64) AppleWebKit/537.36 (KHTML, like Gecko) Chrome/129.0.0.0 Safari/537.36 Edg/129.0.0.0',
    'HTTP_ACCEPT' => 'text/html,application/xhtml+xml,application/xml;q=0.9,image/avif,image/webp,image/apng,*/*;q=0.8,application/signed-exchange;v=b3;q=0.7',
    'HTTP_SEC_FETCH_SITE' => 'same-origin',
    'HTTP_SEC_FETCH_MODE' => 'navigate',
    'HTTP_SEC_FETCH_USER' => '?1',
    'HTTP_SEC_FETCH_DEST' => 'document',
    'HTTP_REFERER' => 'http://localhost:8080/sale',
    'HTTP_ACCEPT_ENCODING' => 'gzip, deflate, br, zstd',
    'HTTP_ACCEPT_LANGUAGE' => 'pt-PT,pt;q=0.9,pt-BR;q=0.8,en;q=0.7,en-US;q=0.6,en-GB;q=0.5',
    'HTTP_COOKIE' => 'PHPSESSID=8fg81ldfcjsfrcv3tauf3vpmmi; _identity=216473a8cd6ff1719156587684b2cbf44a2846d3635bfc0650d4e96132c3b815a%3A2%3A%7Bi%3A0%3Bs%3A9%3A%22_identity%22%3Bi%3A1%3Bs%3A46%3A%22%5B1%2C%22qzzTOttgW4ZGibeP8dMwmd4Y_0vPo7aR%22%2C2592000%5D%22%3B%7D; _csrf=2f5e9369ba70503c70b3710a466c21ac4f1b58e6bb2e289467b494000a2cf15da%3A2%3A%7Bi%3A0%3Bs%3A5%3A%22_csrf%22%3Bi%3A1%3Bs%3A32%3A%22biMxWFNkgztDsyQuIsFD3NGGAKZexvsU%22%3B%7D; mp_d7f79c10b89f9fa3026f2fb08d3cf36d_mixpanel=%7B%22distinct_id%22%3A%20%22%24device%3A19215a4af2b6d30-06e25f6747c0cc-4c657b58-2a3000-19215a4af2b6d30%22%2C%22%24device_id%22%3A%20%2219215a4af2b6d30-06e25f6747c0cc-4c657b58-2a3000-19215a4af2b6d30%22%2C%22%24initial_referrer%22%3A%20%22%24direct%22%2C%22%24initial_referring_domain%22%3A%20%22%24direct%22%7D',
    'REQUEST_TIME_FLOAT' => 1727186893.778204,
    'REQUEST_TIME' => 1727186893,
    'DB_HOST' => 'localhost',
    'DB_NAME' => 'teste',
    'DB_USERNAME' => 'postgres',
    'DB_PASSWORD' => '7812',
]
[24-Sep-2024 14:11:45 UTC] PHP Warning:  http_response_code(): Cannot set response code - headers already sent (output started at C:\teste-yii2\vendor\mpdf\mpdf\src\Mpdf.php:9624) in C:\teste-yii2\vendor\yiisoft\yii2\base\ErrorHandler.php on line 144
[24-Sep-2024 14:11:45 UTC] An Error occurred while handling another error:
yii\web\HeadersAlreadySentException: Headers already sent in C:\teste-yii2\vendor\mpdf\mpdf\src\Mpdf.php on line 9624. in C:\teste-yii2\vendor\yiisoft\yii2\web\Response.php:369
Stack trace:
#0 C:\teste-yii2\vendor\yiisoft\yii2\web\Response.php(342): yii\web\Response->sendHeaders()
#1 C:\teste-yii2\vendor\yiisoft\yii2\web\ErrorHandler.php(136): yii\web\Response->send()
#2 C:\teste-yii2\vendor\yiisoft\yii2\base\ErrorHandler.php(152): yii\web\ErrorHandler->renderException()
#3 [internal function]: yii\base\ErrorHandler->handleException()
#4 {main}
Previous exception:
yii\web\HeadersAlreadySentException: Headers already sent in C:\teste-yii2\vendor\mpdf\mpdf\src\Mpdf.php on line 9624. in C:\teste-yii2\vendor\yiisoft\yii2\web\Response.php:369
Stack trace:
#0 C:\teste-yii2\vendor\yiisoft\yii2\web\Response.php(342): yii\web\Response->sendHeaders()
#1 C:\teste-yii2\vendor\yiisoft\yii2\base\Application.php(390): yii\web\Response->send()
#2 C:\teste-yii2\web\index.php(12): yii\base\Application->run()
#3 {main}
$_SERVER = [
    'DOCUMENT_ROOT' => 'C:\\teste-yii2\\web',
    'REMOTE_ADDR' => '::1',
    'REMOTE_PORT' => '47476',
    'SERVER_SOFTWARE' => 'PHP/8.3.11 (Development Server)',
    'SERVER_PROTOCOL' => 'HTTP/1.1',
    'SERVER_NAME' => 'localhost',
    'SERVER_PORT' => '8080',
    'REQUEST_URI' => '/sale/export-pdf?ids=15',
    'REQUEST_METHOD' => 'GET',
    'SCRIPT_NAME' => '/index.php',
    'SCRIPT_FILENAME' => 'C:\\teste-yii2\\web\\index.php',
    'PATH_INFO' => '/sale/export-pdf',
    'PHP_SELF' => '/index.php/sale/export-pdf',
    'QUERY_STRING' => 'ids=15',
    'HTTP_HOST' => 'localhost:8080',
    'HTTP_CONNECTION' => 'keep-alive',
    'HTTP_PRAGMA' => 'no-cache',
    'HTTP_CACHE_CONTROL' => 'no-cache',
    'HTTP_SEC_CH_UA' => '"Microsoft Edge";v="129", "Not=A?Brand";v="8", "Chromium";v="129"',
    'HTTP_SEC_CH_UA_MOBILE' => '?0',
    'HTTP_SEC_CH_UA_PLATFORM' => '"Windows"',
    'HTTP_UPGRADE_INSECURE_REQUESTS' => '1',
    'HTTP_USER_AGENT' => 'Mozilla/5.0 (Windows NT 10.0; Win64; x64) AppleWebKit/537.36 (KHTML, like Gecko) Chrome/129.0.0.0 Safari/537.36 Edg/129.0.0.0',
    'HTTP_ACCEPT' => 'text/html,application/xhtml+xml,application/xml;q=0.9,image/avif,image/webp,image/apng,*/*;q=0.8,application/signed-exchange;v=b3;q=0.7',
    'HTTP_SEC_FETCH_SITE' => 'same-origin',
    'HTTP_SEC_FETCH_MODE' => 'navigate',
    'HTTP_SEC_FETCH_USER' => '?1',
    'HTTP_SEC_FETCH_DEST' => 'document',
    'HTTP_REFERER' => 'http://localhost:8080/sale',
    'HTTP_ACCEPT_ENCODING' => 'gzip, deflate, br, zstd',
    'HTTP_ACCEPT_LANGUAGE' => 'pt-PT,pt;q=0.9,pt-BR;q=0.8,en;q=0.7,en-US;q=0.6,en-GB;q=0.5',
    'HTTP_COOKIE' => 'PHPSESSID=8fg81ldfcjsfrcv3tauf3vpmmi; _identity=216473a8cd6ff1719156587684b2cbf44a2846d3635bfc0650d4e96132c3b815a%3A2%3A%7Bi%3A0%3Bs%3A9%3A%22_identity%22%3Bi%3A1%3Bs%3A46%3A%22%5B1%2C%22qzzTOttgW4ZGibeP8dMwmd4Y_0vPo7aR%22%2C2592000%5D%22%3B%7D; _csrf=2f5e9369ba70503c70b3710a466c21ac4f1b58e6bb2e289467b494000a2cf15da%3A2%3A%7Bi%3A0%3Bs%3A5%3A%22_csrf%22%3Bi%3A1%3Bs%3A32%3A%22biMxWFNkgztDsyQuIsFD3NGGAKZexvsU%22%3B%7D; mp_d7f79c10b89f9fa3026f2fb08d3cf36d_mixpanel=%7B%22distinct_id%22%3A%20%22%24device%3A19215a4af2b6d30-06e25f6747c0cc-4c657b58-2a3000-19215a4af2b6d30%22%2C%22%24device_id%22%3A%20%2219215a4af2b6d30-06e25f6747c0cc-4c657b58-2a3000-19215a4af2b6d30%22%2C%22%24initial_referrer%22%3A%20%22%24direct%22%2C%22%24initial_referring_domain%22%3A%20%22%24direct%22%7D',
    'REQUEST_TIME_FLOAT' => 1727187104.702617,
    'REQUEST_TIME' => 1727187104,
    'DB_HOST' => 'localhost',
    'DB_NAME' => 'teste',
    'DB_USERNAME' => 'postgres',
    'DB_PASSWORD' => '7812',
]
[24-Sep-2024 14:12:43 UTC] PHP Warning:  http_response_code(): Cannot set response code - headers already sent (output started at C:\teste-yii2\vendor\mpdf\mpdf\src\Mpdf.php:9624) in C:\teste-yii2\vendor\yiisoft\yii2\base\ErrorHandler.php on line 144
[24-Sep-2024 14:12:43 UTC] An Error occurred while handling another error:
yii\web\HeadersAlreadySentException: Headers already sent in C:\teste-yii2\vendor\mpdf\mpdf\src\Mpdf.php on line 9624. in C:\teste-yii2\vendor\yiisoft\yii2\web\Response.php:369
Stack trace:
#0 C:\teste-yii2\vendor\yiisoft\yii2\web\Response.php(342): yii\web\Response->sendHeaders()
#1 C:\teste-yii2\vendor\yiisoft\yii2\web\ErrorHandler.php(136): yii\web\Response->send()
#2 C:\teste-yii2\vendor\yiisoft\yii2\base\ErrorHandler.php(152): yii\web\ErrorHandler->renderException()
#3 [internal function]: yii\base\ErrorHandler->handleException()
#4 {main}
Previous exception:
yii\web\HeadersAlreadySentException: Headers already sent in C:\teste-yii2\vendor\mpdf\mpdf\src\Mpdf.php on line 9624. in C:\teste-yii2\vendor\yiisoft\yii2\web\Response.php:369
Stack trace:
#0 C:\teste-yii2\vendor\yiisoft\yii2\web\Response.php(342): yii\web\Response->sendHeaders()
#1 C:\teste-yii2\vendor\yiisoft\yii2\base\Application.php(390): yii\web\Response->send()
#2 C:\teste-yii2\web\index.php(12): yii\base\Application->run()
#3 {main}
$_SERVER = [
    'DOCUMENT_ROOT' => 'C:\\teste-yii2\\web',
    'REMOTE_ADDR' => '::1',
    'REMOTE_PORT' => '47477',
    'SERVER_SOFTWARE' => 'PHP/8.3.11 (Development Server)',
    'SERVER_PROTOCOL' => 'HTTP/1.1',
    'SERVER_NAME' => 'localhost',
    'SERVER_PORT' => '8080',
    'REQUEST_URI' => '/sale/export-pdf?ids=15',
    'REQUEST_METHOD' => 'GET',
    'SCRIPT_NAME' => '/index.php',
    'SCRIPT_FILENAME' => 'C:\\teste-yii2\\web\\index.php',
    'PATH_INFO' => '/sale/export-pdf',
    'PHP_SELF' => '/index.php/sale/export-pdf',
    'QUERY_STRING' => 'ids=15',
    'HTTP_HOST' => 'localhost:8080',
    'HTTP_CONNECTION' => 'keep-alive',
    'HTTP_PRAGMA' => 'no-cache',
    'HTTP_CACHE_CONTROL' => 'no-cache',
    'HTTP_SEC_CH_UA' => '"Microsoft Edge";v="129", "Not=A?Brand";v="8", "Chromium";v="129"',
    'HTTP_SEC_CH_UA_MOBILE' => '?0',
    'HTTP_SEC_CH_UA_PLATFORM' => '"Windows"',
    'HTTP_UPGRADE_INSECURE_REQUESTS' => '1',
    'HTTP_USER_AGENT' => 'Mozilla/5.0 (Windows NT 10.0; Win64; x64) AppleWebKit/537.36 (KHTML, like Gecko) Chrome/129.0.0.0 Safari/537.36 Edg/129.0.0.0',
    'HTTP_ACCEPT' => 'text/html,application/xhtml+xml,application/xml;q=0.9,image/avif,image/webp,image/apng,*/*;q=0.8,application/signed-exchange;v=b3;q=0.7',
    'HTTP_SEC_FETCH_SITE' => 'same-origin',
    'HTTP_SEC_FETCH_MODE' => 'navigate',
    'HTTP_SEC_FETCH_USER' => '?1',
    'HTTP_SEC_FETCH_DEST' => 'document',
    'HTTP_REFERER' => 'http://localhost:8080/sale',
    'HTTP_ACCEPT_ENCODING' => 'gzip, deflate, br, zstd',
    'HTTP_ACCEPT_LANGUAGE' => 'pt-PT,pt;q=0.9,pt-BR;q=0.8,en;q=0.7,en-US;q=0.6,en-GB;q=0.5',
    'HTTP_COOKIE' => 'PHPSESSID=8fg81ldfcjsfrcv3tauf3vpmmi; _identity=216473a8cd6ff1719156587684b2cbf44a2846d3635bfc0650d4e96132c3b815a%3A2%3A%7Bi%3A0%3Bs%3A9%3A%22_identity%22%3Bi%3A1%3Bs%3A46%3A%22%5B1%2C%22qzzTOttgW4ZGibeP8dMwmd4Y_0vPo7aR%22%2C2592000%5D%22%3B%7D; _csrf=2f5e9369ba70503c70b3710a466c21ac4f1b58e6bb2e289467b494000a2cf15da%3A2%3A%7Bi%3A0%3Bs%3A5%3A%22_csrf%22%3Bi%3A1%3Bs%3A32%3A%22biMxWFNkgztDsyQuIsFD3NGGAKZexvsU%22%3B%7D; mp_d7f79c10b89f9fa3026f2fb08d3cf36d_mixpanel=%7B%22distinct_id%22%3A%20%22%24device%3A19215a4af2b6d30-06e25f6747c0cc-4c657b58-2a3000-19215a4af2b6d30%22%2C%22%24device_id%22%3A%20%2219215a4af2b6d30-06e25f6747c0cc-4c657b58-2a3000-19215a4af2b6d30%22%2C%22%24initial_referrer%22%3A%20%22%24direct%22%2C%22%24initial_referring_domain%22%3A%20%22%24direct%22%7D',
    'REQUEST_TIME_FLOAT' => 1727187163.063532,
    'REQUEST_TIME' => 1727187163,
    'DB_HOST' => 'localhost',
    'DB_NAME' => 'teste',
    'DB_USERNAME' => 'postgres',
    'DB_PASSWORD' => '7812',
]
[24-Sep-2024 14:12:55 UTC] PHP Warning:  http_response_code(): Cannot set response code - headers already sent (output started at C:\teste-yii2\vendor\mpdf\mpdf\src\Mpdf.php:9624) in C:\teste-yii2\vendor\yiisoft\yii2\base\ErrorHandler.php on line 144
[24-Sep-2024 14:12:55 UTC] An Error occurred while handling another error:
yii\web\HeadersAlreadySentException: Headers already sent in C:\teste-yii2\vendor\mpdf\mpdf\src\Mpdf.php on line 9624. in C:\teste-yii2\vendor\yiisoft\yii2\web\Response.php:369
Stack trace:
#0 C:\teste-yii2\vendor\yiisoft\yii2\web\Response.php(342): yii\web\Response->sendHeaders()
#1 C:\teste-yii2\vendor\yiisoft\yii2\web\ErrorHandler.php(136): yii\web\Response->send()
#2 C:\teste-yii2\vendor\yiisoft\yii2\base\ErrorHandler.php(152): yii\web\ErrorHandler->renderException()
#3 [internal function]: yii\base\ErrorHandler->handleException()
#4 {main}
Previous exception:
yii\web\HeadersAlreadySentException: Headers already sent in C:\teste-yii2\vendor\mpdf\mpdf\src\Mpdf.php on line 9624. in C:\teste-yii2\vendor\yiisoft\yii2\web\Response.php:369
Stack trace:
#0 C:\teste-yii2\vendor\yiisoft\yii2\web\Response.php(342): yii\web\Response->sendHeaders()
#1 C:\teste-yii2\vendor\yiisoft\yii2\base\Application.php(390): yii\web\Response->send()
#2 C:\teste-yii2\web\index.php(12): yii\base\Application->run()
#3 {main}
$_SERVER = [
    'DOCUMENT_ROOT' => 'C:\\teste-yii2\\web',
    'REMOTE_ADDR' => '::1',
    'REMOTE_PORT' => '47527',
    'SERVER_SOFTWARE' => 'PHP/8.3.11 (Development Server)',
    'SERVER_PROTOCOL' => 'HTTP/1.1',
    'SERVER_NAME' => 'localhost',
    'SERVER_PORT' => '8080',
    'REQUEST_URI' => '/sale/export-pdf?ids=15',
    'REQUEST_METHOD' => 'GET',
    'SCRIPT_NAME' => '/index.php',
    'SCRIPT_FILENAME' => 'C:\\teste-yii2\\web\\index.php',
    'PATH_INFO' => '/sale/export-pdf',
    'PHP_SELF' => '/index.php/sale/export-pdf',
    'QUERY_STRING' => 'ids=15',
    'HTTP_HOST' => 'localhost:8080',
    'HTTP_CONNECTION' => 'keep-alive',
    'HTTP_PRAGMA' => 'no-cache',
    'HTTP_CACHE_CONTROL' => 'no-cache',
    'HTTP_SEC_CH_UA' => '"Microsoft Edge";v="129", "Not=A?Brand";v="8", "Chromium";v="129"',
    'HTTP_SEC_CH_UA_MOBILE' => '?0',
    'HTTP_SEC_CH_UA_PLATFORM' => '"Windows"',
    'HTTP_UPGRADE_INSECURE_REQUESTS' => '1',
    'HTTP_USER_AGENT' => 'Mozilla/5.0 (Windows NT 10.0; Win64; x64) AppleWebKit/537.36 (KHTML, like Gecko) Chrome/129.0.0.0 Safari/537.36 Edg/129.0.0.0',
    'HTTP_ACCEPT' => 'text/html,application/xhtml+xml,application/xml;q=0.9,image/avif,image/webp,image/apng,*/*;q=0.8,application/signed-exchange;v=b3;q=0.7',
    'HTTP_SEC_FETCH_SITE' => 'same-origin',
    'HTTP_SEC_FETCH_MODE' => 'navigate',
    'HTTP_SEC_FETCH_USER' => '?1',
    'HTTP_SEC_FETCH_DEST' => 'document',
    'HTTP_REFERER' => 'http://localhost:8080/sale',
    'HTTP_ACCEPT_ENCODING' => 'gzip, deflate, br, zstd',
    'HTTP_ACCEPT_LANGUAGE' => 'pt-PT,pt;q=0.9,pt-BR;q=0.8,en;q=0.7,en-US;q=0.6,en-GB;q=0.5',
    'HTTP_COOKIE' => 'PHPSESSID=8fg81ldfcjsfrcv3tauf3vpmmi; _identity=216473a8cd6ff1719156587684b2cbf44a2846d3635bfc0650d4e96132c3b815a%3A2%3A%7Bi%3A0%3Bs%3A9%3A%22_identity%22%3Bi%3A1%3Bs%3A46%3A%22%5B1%2C%22qzzTOttgW4ZGibeP8dMwmd4Y_0vPo7aR%22%2C2592000%5D%22%3B%7D; _csrf=2f5e9369ba70503c70b3710a466c21ac4f1b58e6bb2e289467b494000a2cf15da%3A2%3A%7Bi%3A0%3Bs%3A5%3A%22_csrf%22%3Bi%3A1%3Bs%3A32%3A%22biMxWFNkgztDsyQuIsFD3NGGAKZexvsU%22%3B%7D; mp_d7f79c10b89f9fa3026f2fb08d3cf36d_mixpanel=%7B%22distinct_id%22%3A%20%22%24device%3A19215a4af2b6d30-06e25f6747c0cc-4c657b58-2a3000-19215a4af2b6d30%22%2C%22%24device_id%22%3A%20%2219215a4af2b6d30-06e25f6747c0cc-4c657b58-2a3000-19215a4af2b6d30%22%2C%22%24initial_referrer%22%3A%20%22%24direct%22%2C%22%24initial_referring_domain%22%3A%20%22%24direct%22%7D',
    'REQUEST_TIME_FLOAT' => 1727187175.449399,
    'REQUEST_TIME' => 1727187175,
    'DB_HOST' => 'localhost',
    'DB_NAME' => 'teste',
    'DB_USERNAME' => 'postgres',
    'DB_PASSWORD' => '7812',
]
[24-Sep-2024 14:23:12 UTC] PHP Warning:  http_response_code(): Cannot set response code - headers already sent (output started at C:\teste-yii2\vendor\mpdf\mpdf\src\Mpdf.php:9624) in C:\teste-yii2\vendor\yiisoft\yii2\base\ErrorHandler.php on line 144
[24-Sep-2024 14:23:12 UTC] An Error occurred while handling another error:
yii\web\HeadersAlreadySentException: Headers already sent in C:\teste-yii2\vendor\mpdf\mpdf\src\Mpdf.php on line 9624. in C:\teste-yii2\vendor\yiisoft\yii2\web\Response.php:369
Stack trace:
#0 C:\teste-yii2\vendor\yiisoft\yii2\web\Response.php(342): yii\web\Response->sendHeaders()
#1 C:\teste-yii2\vendor\yiisoft\yii2\web\ErrorHandler.php(136): yii\web\Response->send()
#2 C:\teste-yii2\vendor\yiisoft\yii2\base\ErrorHandler.php(152): yii\web\ErrorHandler->renderException()
#3 [internal function]: yii\base\ErrorHandler->handleException()
#4 {main}
Previous exception:
yii\web\HeadersAlreadySentException: Headers already sent in C:\teste-yii2\vendor\mpdf\mpdf\src\Mpdf.php on line 9624. in C:\teste-yii2\vendor\yiisoft\yii2\web\Response.php:369
Stack trace:
#0 C:\teste-yii2\vendor\yiisoft\yii2\web\Response.php(342): yii\web\Response->sendHeaders()
#1 C:\teste-yii2\vendor\yiisoft\yii2\base\Application.php(390): yii\web\Response->send()
#2 C:\teste-yii2\web\index.php(12): yii\base\Application->run()
#3 {main}
$_SERVER = [
    'DOCUMENT_ROOT' => 'C:\\teste-yii2\\web',
    'REMOTE_ADDR' => '::1',
    'REMOTE_PORT' => '48033',
    'SERVER_SOFTWARE' => 'PHP/8.3.11 (Development Server)',
    'SERVER_PROTOCOL' => 'HTTP/1.1',
    'SERVER_NAME' => 'localhost',
    'SERVER_PORT' => '8080',
    'REQUEST_URI' => '/sale/export-pdf?ids=15',
    'REQUEST_METHOD' => 'GET',
    'SCRIPT_NAME' => '/index.php',
    'SCRIPT_FILENAME' => 'C:\\teste-yii2\\web\\index.php',
    'PATH_INFO' => '/sale/export-pdf',
    'PHP_SELF' => '/index.php/sale/export-pdf',
    'QUERY_STRING' => 'ids=15',
    'HTTP_HOST' => 'localhost:8080',
    'HTTP_CONNECTION' => 'keep-alive',
    'HTTP_PRAGMA' => 'no-cache',
    'HTTP_CACHE_CONTROL' => 'no-cache',
    'HTTP_SEC_CH_UA' => '"Microsoft Edge";v="129", "Not=A?Brand";v="8", "Chromium";v="129"',
    'HTTP_SEC_CH_UA_MOBILE' => '?0',
    'HTTP_SEC_CH_UA_PLATFORM' => '"Windows"',
    'HTTP_UPGRADE_INSECURE_REQUESTS' => '1',
    'HTTP_USER_AGENT' => 'Mozilla/5.0 (Windows NT 10.0; Win64; x64) AppleWebKit/537.36 (KHTML, like Gecko) Chrome/129.0.0.0 Safari/537.36 Edg/129.0.0.0',
    'HTTP_ACCEPT' => 'text/html,application/xhtml+xml,application/xml;q=0.9,image/avif,image/webp,image/apng,*/*;q=0.8,application/signed-exchange;v=b3;q=0.7',
    'HTTP_SEC_FETCH_SITE' => 'same-origin',
    'HTTP_SEC_FETCH_MODE' => 'navigate',
    'HTTP_SEC_FETCH_USER' => '?1',
    'HTTP_SEC_FETCH_DEST' => 'document',
    'HTTP_REFERER' => 'http://localhost:8080/sale',
    'HTTP_ACCEPT_ENCODING' => 'gzip, deflate, br, zstd',
    'HTTP_ACCEPT_LANGUAGE' => 'pt-PT,pt;q=0.9,pt-BR;q=0.8,en;q=0.7,en-US;q=0.6,en-GB;q=0.5',
    'HTTP_COOKIE' => 'PHPSESSID=8fg81ldfcjsfrcv3tauf3vpmmi; _identity=216473a8cd6ff1719156587684b2cbf44a2846d3635bfc0650d4e96132c3b815a%3A2%3A%7Bi%3A0%3Bs%3A9%3A%22_identity%22%3Bi%3A1%3Bs%3A46%3A%22%5B1%2C%22qzzTOttgW4ZGibeP8dMwmd4Y_0vPo7aR%22%2C2592000%5D%22%3B%7D; _csrf=2f5e9369ba70503c70b3710a466c21ac4f1b58e6bb2e289467b494000a2cf15da%3A2%3A%7Bi%3A0%3Bs%3A5%3A%22_csrf%22%3Bi%3A1%3Bs%3A32%3A%22biMxWFNkgztDsyQuIsFD3NGGAKZexvsU%22%3B%7D; mp_d7f79c10b89f9fa3026f2fb08d3cf36d_mixpanel=%7B%22distinct_id%22%3A%20%22%24device%3A19215a4af2b6d30-06e25f6747c0cc-4c657b58-2a3000-19215a4af2b6d30%22%2C%22%24device_id%22%3A%20%2219215a4af2b6d30-06e25f6747c0cc-4c657b58-2a3000-19215a4af2b6d30%22%2C%22%24initial_referrer%22%3A%20%22%24direct%22%2C%22%24initial_referring_domain%22%3A%20%22%24direct%22%7D',
    'REQUEST_TIME_FLOAT' => 1727187792.090871,
    'REQUEST_TIME' => 1727187792,
    'DB_HOST' => 'localhost',
    'DB_NAME' => 'teste',
    'DB_USERNAME' => 'postgres',
    'DB_PASSWORD' => '7812',
]
[24-Sep-2024 14:23:35 UTC] PHP Warning:  http_response_code(): Cannot set response code - headers already sent (output started at C:\teste-yii2\vendor\mpdf\mpdf\src\Mpdf.php:9624) in C:\teste-yii2\vendor\yiisoft\yii2\base\ErrorHandler.php on line 144
[24-Sep-2024 14:23:35 UTC] An Error occurred while handling another error:
yii\web\HeadersAlreadySentException: Headers already sent in C:\teste-yii2\vendor\mpdf\mpdf\src\Mpdf.php on line 9624. in C:\teste-yii2\vendor\yiisoft\yii2\web\Response.php:369
Stack trace:
#0 C:\teste-yii2\vendor\yiisoft\yii2\web\Response.php(342): yii\web\Response->sendHeaders()
#1 C:\teste-yii2\vendor\yiisoft\yii2\web\ErrorHandler.php(136): yii\web\Response->send()
#2 C:\teste-yii2\vendor\yiisoft\yii2\base\ErrorHandler.php(152): yii\web\ErrorHandler->renderException()
#3 [internal function]: yii\base\ErrorHandler->handleException()
#4 {main}
Previous exception:
yii\web\HeadersAlreadySentException: Headers already sent in C:\teste-yii2\vendor\mpdf\mpdf\src\Mpdf.php on line 9624. in C:\teste-yii2\vendor\yiisoft\yii2\web\Response.php:369
Stack trace:
#0 C:\teste-yii2\vendor\yiisoft\yii2\web\Response.php(342): yii\web\Response->sendHeaders()
#1 C:\teste-yii2\vendor\yiisoft\yii2\base\Application.php(390): yii\web\Response->send()
#2 C:\teste-yii2\web\index.php(12): yii\base\Application->run()
#3 {main}
$_SERVER = [
    'DOCUMENT_ROOT' => 'C:\\teste-yii2\\web',
    'REMOTE_ADDR' => '::1',
    'REMOTE_PORT' => '48085',
    'SERVER_SOFTWARE' => 'PHP/8.3.11 (Development Server)',
    'SERVER_PROTOCOL' => 'HTTP/1.1',
    'SERVER_NAME' => 'localhost',
    'SERVER_PORT' => '8080',
    'REQUEST_URI' => '/sale/export-pdf?ids=15',
    'REQUEST_METHOD' => 'GET',
    'SCRIPT_NAME' => '/index.php',
    'SCRIPT_FILENAME' => 'C:\\teste-yii2\\web\\index.php',
    'PATH_INFO' => '/sale/export-pdf',
    'PHP_SELF' => '/index.php/sale/export-pdf',
    'QUERY_STRING' => 'ids=15',
    'HTTP_HOST' => 'localhost:8080',
    'HTTP_CONNECTION' => 'keep-alive',
    'HTTP_SEC_CH_UA' => '"Microsoft Edge";v="129", "Not=A?Brand";v="8", "Chromium";v="129"',
    'HTTP_SEC_CH_UA_MOBILE' => '?0',
    'HTTP_SEC_CH_UA_PLATFORM' => '"Windows"',
    'HTTP_UPGRADE_INSECURE_REQUESTS' => '1',
    'HTTP_USER_AGENT' => 'Mozilla/5.0 (Windows NT 10.0; Win64; x64) AppleWebKit/537.36 (KHTML, like Gecko) Chrome/129.0.0.0 Safari/537.36 Edg/129.0.0.0',
    'HTTP_ACCEPT' => 'text/html,application/xhtml+xml,application/xml;q=0.9,image/avif,image/webp,image/apng,*/*;q=0.8,application/signed-exchange;v=b3;q=0.7',
    'HTTP_SEC_FETCH_SITE' => 'same-origin',
    'HTTP_SEC_FETCH_MODE' => 'navigate',
    'HTTP_SEC_FETCH_USER' => '?1',
    'HTTP_SEC_FETCH_DEST' => 'document',
    'HTTP_REFERER' => 'http://localhost:8080/sale/index',
    'HTTP_ACCEPT_ENCODING' => 'gzip, deflate, br, zstd',
    'HTTP_ACCEPT_LANGUAGE' => 'pt-PT,pt;q=0.9,pt-BR;q=0.8,en;q=0.7,en-US;q=0.6,en-GB;q=0.5',
    'HTTP_COOKIE' => 'PHPSESSID=8fg81ldfcjsfrcv3tauf3vpmmi; _identity=216473a8cd6ff1719156587684b2cbf44a2846d3635bfc0650d4e96132c3b815a%3A2%3A%7Bi%3A0%3Bs%3A9%3A%22_identity%22%3Bi%3A1%3Bs%3A46%3A%22%5B1%2C%22qzzTOttgW4ZGibeP8dMwmd4Y_0vPo7aR%22%2C2592000%5D%22%3B%7D; _csrf=2f5e9369ba70503c70b3710a466c21ac4f1b58e6bb2e289467b494000a2cf15da%3A2%3A%7Bi%3A0%3Bs%3A5%3A%22_csrf%22%3Bi%3A1%3Bs%3A32%3A%22biMxWFNkgztDsyQuIsFD3NGGAKZexvsU%22%3B%7D; mp_d7f79c10b89f9fa3026f2fb08d3cf36d_mixpanel=%7B%22distinct_id%22%3A%20%22%24device%3A19215a4af2b6d30-06e25f6747c0cc-4c657b58-2a3000-19215a4af2b6d30%22%2C%22%24device_id%22%3A%20%2219215a4af2b6d30-06e25f6747c0cc-4c657b58-2a3000-19215a4af2b6d30%22%2C%22%24initial_referrer%22%3A%20%22%24direct%22%2C%22%24initial_referring_domain%22%3A%20%22%24direct%22%7D',
    'HTTP_IF_MODIFIED_SINCE' => 'Tue, 24 Sep 2024 14:23:12 GMT',
    'REQUEST_TIME_FLOAT' => 1727187814.724063,
    'REQUEST_TIME' => 1727187814,
    'DB_HOST' => 'localhost',
    'DB_NAME' => 'teste',
    'DB_USERNAME' => 'postgres',
    'DB_PASSWORD' => '7812',
]
[24-Sep-2024 14:24:47 UTC] PHP Warning:  http_response_code(): Cannot set response code - headers already sent (output started at C:\teste-yii2\vendor\mpdf\mpdf\src\Mpdf.php:9624) in C:\teste-yii2\vendor\yiisoft\yii2\base\ErrorHandler.php on line 144
[24-Sep-2024 14:24:47 UTC] An Error occurred while handling another error:
yii\web\HeadersAlreadySentException: Headers already sent in C:\teste-yii2\vendor\mpdf\mpdf\src\Mpdf.php on line 9624. in C:\teste-yii2\vendor\yiisoft\yii2\web\Response.php:369
Stack trace:
#0 C:\teste-yii2\vendor\yiisoft\yii2\web\Response.php(342): yii\web\Response->sendHeaders()
#1 C:\teste-yii2\vendor\yiisoft\yii2\web\ErrorHandler.php(136): yii\web\Response->send()
#2 C:\teste-yii2\vendor\yiisoft\yii2\base\ErrorHandler.php(152): yii\web\ErrorHandler->renderException()
#3 [internal function]: yii\base\ErrorHandler->handleException()
#4 {main}
Previous exception:
yii\web\HeadersAlreadySentException: Headers already sent in C:\teste-yii2\vendor\mpdf\mpdf\src\Mpdf.php on line 9624. in C:\teste-yii2\vendor\yiisoft\yii2\web\Response.php:369
Stack trace:
#0 C:\teste-yii2\vendor\yiisoft\yii2\web\Response.php(342): yii\web\Response->sendHeaders()
#1 C:\teste-yii2\vendor\yiisoft\yii2\base\Application.php(390): yii\web\Response->send()
#2 C:\teste-yii2\web\index.php(12): yii\base\Application->run()
#3 {main}
$_SERVER = [
    'DOCUMENT_ROOT' => 'C:\\teste-yii2\\web',
    'REMOTE_ADDR' => '::1',
    'REMOTE_PORT' => '48133',
    'SERVER_SOFTWARE' => 'PHP/8.3.11 (Development Server)',
    'SERVER_PROTOCOL' => 'HTTP/1.1',
    'SERVER_NAME' => 'localhost',
    'SERVER_PORT' => '8080',
    'REQUEST_URI' => '/sale/export-pdf?ids=15',
    'REQUEST_METHOD' => 'GET',
    'SCRIPT_NAME' => '/index.php',
    'SCRIPT_FILENAME' => 'C:\\teste-yii2\\web\\index.php',
    'PATH_INFO' => '/sale/export-pdf',
    'PHP_SELF' => '/index.php/sale/export-pdf',
    'QUERY_STRING' => 'ids=15',
    'HTTP_HOST' => 'localhost:8080',
    'HTTP_CONNECTION' => 'keep-alive',
    'HTTP_SEC_CH_UA' => '"Microsoft Edge";v="129", "Not=A?Brand";v="8", "Chromium";v="129"',
    'HTTP_SEC_CH_UA_MOBILE' => '?0',
    'HTTP_SEC_CH_UA_PLATFORM' => '"Windows"',
    'HTTP_UPGRADE_INSECURE_REQUESTS' => '1',
    'HTTP_USER_AGENT' => 'Mozilla/5.0 (Windows NT 10.0; Win64; x64) AppleWebKit/537.36 (KHTML, like Gecko) Chrome/129.0.0.0 Safari/537.36 Edg/129.0.0.0',
    'HTTP_ACCEPT' => 'text/html,application/xhtml+xml,application/xml;q=0.9,image/avif,image/webp,image/apng,*/*;q=0.8,application/signed-exchange;v=b3;q=0.7',
    'HTTP_SEC_FETCH_SITE' => 'same-origin',
    'HTTP_SEC_FETCH_MODE' => 'navigate',
    'HTTP_SEC_FETCH_USER' => '?1',
    'HTTP_SEC_FETCH_DEST' => 'document',
    'HTTP_REFERER' => 'http://localhost:8080/sale/index',
    'HTTP_ACCEPT_ENCODING' => 'gzip, deflate, br, zstd',
    'HTTP_ACCEPT_LANGUAGE' => 'pt-PT,pt;q=0.9,pt-BR;q=0.8,en;q=0.7,en-US;q=0.6,en-GB;q=0.5',
    'HTTP_COOKIE' => 'PHPSESSID=8fg81ldfcjsfrcv3tauf3vpmmi; _identity=216473a8cd6ff1719156587684b2cbf44a2846d3635bfc0650d4e96132c3b815a%3A2%3A%7Bi%3A0%3Bs%3A9%3A%22_identity%22%3Bi%3A1%3Bs%3A46%3A%22%5B1%2C%22qzzTOttgW4ZGibeP8dMwmd4Y_0vPo7aR%22%2C2592000%5D%22%3B%7D; _csrf=2f5e9369ba70503c70b3710a466c21ac4f1b58e6bb2e289467b494000a2cf15da%3A2%3A%7Bi%3A0%3Bs%3A5%3A%22_csrf%22%3Bi%3A1%3Bs%3A32%3A%22biMxWFNkgztDsyQuIsFD3NGGAKZexvsU%22%3B%7D; mp_d7f79c10b89f9fa3026f2fb08d3cf36d_mixpanel=%7B%22distinct_id%22%3A%20%22%24device%3A19215a4af2b6d30-06e25f6747c0cc-4c657b58-2a3000-19215a4af2b6d30%22%2C%22%24device_id%22%3A%20%2219215a4af2b6d30-06e25f6747c0cc-4c657b58-2a3000-19215a4af2b6d30%22%2C%22%24initial_referrer%22%3A%20%22%24direct%22%2C%22%24initial_referring_domain%22%3A%20%22%24direct%22%7D',
    'HTTP_IF_MODIFIED_SINCE' => 'Tue, 24 Sep 2024 14:23:35 GMT',
    'REQUEST_TIME_FLOAT' => 1727187887.259289,
    'REQUEST_TIME' => 1727187887,
    'DB_HOST' => 'localhost',
    'DB_NAME' => 'teste',
    'DB_USERNAME' => 'postgres',
    'DB_PASSWORD' => '7812',
]
[24-Sep-2024 14:28:17 UTC] PHP Warning:  http_response_code(): Cannot set response code - headers already sent (output started at C:\teste-yii2\vendor\mpdf\mpdf\src\Mpdf.php:9624) in C:\teste-yii2\vendor\yiisoft\yii2\base\ErrorHandler.php on line 144
[24-Sep-2024 14:28:17 UTC] An Error occurred while handling another error:
yii\web\HeadersAlreadySentException: Headers already sent in C:\teste-yii2\vendor\mpdf\mpdf\src\Mpdf.php on line 9624. in C:\teste-yii2\vendor\yiisoft\yii2\web\Response.php:369
Stack trace:
#0 C:\teste-yii2\vendor\yiisoft\yii2\web\Response.php(342): yii\web\Response->sendHeaders()
#1 C:\teste-yii2\vendor\yiisoft\yii2\web\ErrorHandler.php(136): yii\web\Response->send()
#2 C:\teste-yii2\vendor\yiisoft\yii2\base\ErrorHandler.php(152): yii\web\ErrorHandler->renderException()
#3 [internal function]: yii\base\ErrorHandler->handleException()
#4 {main}
Previous exception:
yii\web\HeadersAlreadySentException: Headers already sent in C:\teste-yii2\vendor\mpdf\mpdf\src\Mpdf.php on line 9624. in C:\teste-yii2\vendor\yiisoft\yii2\web\Response.php:369
Stack trace:
#0 C:\teste-yii2\vendor\yiisoft\yii2\web\Response.php(342): yii\web\Response->sendHeaders()
#1 C:\teste-yii2\vendor\yiisoft\yii2\base\Application.php(390): yii\web\Response->send()
#2 C:\teste-yii2\web\index.php(12): yii\base\Application->run()
#3 {main}
$_SERVER = [
    'DOCUMENT_ROOT' => 'C:\\teste-yii2\\web',
    'REMOTE_ADDR' => '::1',
    'REMOTE_PORT' => '48282',
    'SERVER_SOFTWARE' => 'PHP/8.3.11 (Development Server)',
    'SERVER_PROTOCOL' => 'HTTP/1.1',
    'SERVER_NAME' => 'localhost',
    'SERVER_PORT' => '8080',
    'REQUEST_URI' => '/sale/export-pdf?ids=15',
    'REQUEST_METHOD' => 'GET',
    'SCRIPT_NAME' => '/index.php',
    'SCRIPT_FILENAME' => 'C:\\teste-yii2\\web\\index.php',
    'PATH_INFO' => '/sale/export-pdf',
    'PHP_SELF' => '/index.php/sale/export-pdf',
    'QUERY_STRING' => 'ids=15',
    'HTTP_HOST' => 'localhost:8080',
    'HTTP_CONNECTION' => 'keep-alive',
    'HTTP_CACHE_CONTROL' => 'max-age=0',
    'HTTP_SEC_CH_UA' => '"Microsoft Edge";v="129", "Not=A?Brand";v="8", "Chromium";v="129"',
    'HTTP_SEC_CH_UA_MOBILE' => '?0',
    'HTTP_SEC_CH_UA_PLATFORM' => '"Windows"',
    'HTTP_UPGRADE_INSECURE_REQUESTS' => '1',
    'HTTP_USER_AGENT' => 'Mozilla/5.0 (Windows NT 10.0; Win64; x64) AppleWebKit/537.36 (KHTML, like Gecko) Chrome/129.0.0.0 Safari/537.36 Edg/129.0.0.0',
    'HTTP_ACCEPT' => 'text/html,application/xhtml+xml,application/xml;q=0.9,image/avif,image/webp,image/apng,*/*;q=0.8,application/signed-exchange;v=b3;q=0.7',
    'HTTP_SEC_FETCH_SITE' => 'same-origin',
    'HTTP_SEC_FETCH_MODE' => 'navigate',
    'HTTP_SEC_FETCH_USER' => '?1',
    'HTTP_SEC_FETCH_DEST' => 'document',
    'HTTP_REFERER' => 'http://localhost:8080/sale/index',
    'HTTP_ACCEPT_ENCODING' => 'gzip, deflate, br, zstd',
    'HTTP_ACCEPT_LANGUAGE' => 'pt-PT,pt;q=0.9,pt-BR;q=0.8,en;q=0.7,en-US;q=0.6,en-GB;q=0.5',
    'HTTP_COOKIE' => 'PHPSESSID=8fg81ldfcjsfrcv3tauf3vpmmi; _identity=216473a8cd6ff1719156587684b2cbf44a2846d3635bfc0650d4e96132c3b815a%3A2%3A%7Bi%3A0%3Bs%3A9%3A%22_identity%22%3Bi%3A1%3Bs%3A46%3A%22%5B1%2C%22qzzTOttgW4ZGibeP8dMwmd4Y_0vPo7aR%22%2C2592000%5D%22%3B%7D; _csrf=2f5e9369ba70503c70b3710a466c21ac4f1b58e6bb2e289467b494000a2cf15da%3A2%3A%7Bi%3A0%3Bs%3A5%3A%22_csrf%22%3Bi%3A1%3Bs%3A32%3A%22biMxWFNkgztDsyQuIsFD3NGGAKZexvsU%22%3B%7D; mp_d7f79c10b89f9fa3026f2fb08d3cf36d_mixpanel=%7B%22distinct_id%22%3A%20%22%24device%3A19215a4af2b6d30-06e25f6747c0cc-4c657b58-2a3000-19215a4af2b6d30%22%2C%22%24device_id%22%3A%20%2219215a4af2b6d30-06e25f6747c0cc-4c657b58-2a3000-19215a4af2b6d30%22%2C%22%24initial_referrer%22%3A%20%22%24direct%22%2C%22%24initial_referring_domain%22%3A%20%22%24direct%22%7D',
    'REQUEST_TIME_FLOAT' => 1727188097.063482,
    'REQUEST_TIME' => 1727188097,
    'DB_HOST' => 'localhost',
    'DB_NAME' => 'teste',
    'DB_USERNAME' => 'postgres',
    'DB_PASSWORD' => '7812',
]
[24-Sep-2024 14:29:02 UTC] PHP Warning:  http_response_code(): Cannot set response code - headers already sent (output started at C:\teste-yii2\vendor\mpdf\mpdf\src\Mpdf.php:9624) in C:\teste-yii2\vendor\yiisoft\yii2\base\ErrorHandler.php on line 144
[24-Sep-2024 14:29:02 UTC] An Error occurred while handling another error:
yii\web\HeadersAlreadySentException: Headers already sent in C:\teste-yii2\vendor\mpdf\mpdf\src\Mpdf.php on line 9624. in C:\teste-yii2\vendor\yiisoft\yii2\web\Response.php:369
Stack trace:
#0 C:\teste-yii2\vendor\yiisoft\yii2\web\Response.php(342): yii\web\Response->sendHeaders()
#1 C:\teste-yii2\vendor\yiisoft\yii2\web\ErrorHandler.php(136): yii\web\Response->send()
#2 C:\teste-yii2\vendor\yiisoft\yii2\base\ErrorHandler.php(152): yii\web\ErrorHandler->renderException()
#3 [internal function]: yii\base\ErrorHandler->handleException()
#4 {main}
Previous exception:
yii\web\HeadersAlreadySentException: Headers already sent in C:\teste-yii2\vendor\mpdf\mpdf\src\Mpdf.php on line 9624. in C:\teste-yii2\vendor\yiisoft\yii2\web\Response.php:369
Stack trace:
#0 C:\teste-yii2\vendor\yiisoft\yii2\web\Response.php(342): yii\web\Response->sendHeaders()
#1 C:\teste-yii2\vendor\yiisoft\yii2\base\Application.php(390): yii\web\Response->send()
#2 C:\teste-yii2\web\index.php(12): yii\base\Application->run()
#3 {main}
$_SERVER = [
    'DOCUMENT_ROOT' => 'C:\\teste-yii2\\web',
    'REMOTE_ADDR' => '::1',
    'REMOTE_PORT' => '48339',
    'SERVER_SOFTWARE' => 'PHP/8.3.11 (Development Server)',
    'SERVER_PROTOCOL' => 'HTTP/1.1',
    'SERVER_NAME' => 'localhost',
    'SERVER_PORT' => '8080',
    'REQUEST_URI' => '/sale/export-pdf?ids=15,16',
    'REQUEST_METHOD' => 'GET',
    'SCRIPT_NAME' => '/index.php',
    'SCRIPT_FILENAME' => 'C:\\teste-yii2\\web\\index.php',
    'PATH_INFO' => '/sale/export-pdf',
    'PHP_SELF' => '/index.php/sale/export-pdf',
    'QUERY_STRING' => 'ids=15,16',
    'HTTP_HOST' => 'localhost:8080',
    'HTTP_CONNECTION' => 'keep-alive',
    'HTTP_SEC_CH_UA' => '"Microsoft Edge";v="129", "Not=A?Brand";v="8", "Chromium";v="129"',
    'HTTP_SEC_CH_UA_MOBILE' => '?0',
    'HTTP_SEC_CH_UA_PLATFORM' => '"Windows"',
    'HTTP_UPGRADE_INSECURE_REQUESTS' => '1',
    'HTTP_USER_AGENT' => 'Mozilla/5.0 (Windows NT 10.0; Win64; x64) AppleWebKit/537.36 (KHTML, like Gecko) Chrome/129.0.0.0 Safari/537.36 Edg/129.0.0.0',
    'HTTP_ACCEPT' => 'text/html,application/xhtml+xml,application/xml;q=0.9,image/avif,image/webp,image/apng,*/*;q=0.8,application/signed-exchange;v=b3;q=0.7',
    'HTTP_SEC_FETCH_SITE' => 'same-origin',
    'HTTP_SEC_FETCH_MODE' => 'navigate',
    'HTTP_SEC_FETCH_USER' => '?1',
    'HTTP_SEC_FETCH_DEST' => 'document',
    'HTTP_REFERER' => 'http://localhost:8080/sale/index?id=16',
    'HTTP_ACCEPT_ENCODING' => 'gzip, deflate, br, zstd',
    'HTTP_ACCEPT_LANGUAGE' => 'pt-PT,pt;q=0.9,pt-BR;q=0.8,en;q=0.7,en-US;q=0.6,en-GB;q=0.5',
    'HTTP_COOKIE' => 'PHPSESSID=8fg81ldfcjsfrcv3tauf3vpmmi; _identity=216473a8cd6ff1719156587684b2cbf44a2846d3635bfc0650d4e96132c3b815a%3A2%3A%7Bi%3A0%3Bs%3A9%3A%22_identity%22%3Bi%3A1%3Bs%3A46%3A%22%5B1%2C%22qzzTOttgW4ZGibeP8dMwmd4Y_0vPo7aR%22%2C2592000%5D%22%3B%7D; _csrf=2f5e9369ba70503c70b3710a466c21ac4f1b58e6bb2e289467b494000a2cf15da%3A2%3A%7Bi%3A0%3Bs%3A5%3A%22_csrf%22%3Bi%3A1%3Bs%3A32%3A%22biMxWFNkgztDsyQuIsFD3NGGAKZexvsU%22%3B%7D; mp_d7f79c10b89f9fa3026f2fb08d3cf36d_mixpanel=%7B%22distinct_id%22%3A%20%22%24device%3A19215a4af2b6d30-06e25f6747c0cc-4c657b58-2a3000-19215a4af2b6d30%22%2C%22%24device_id%22%3A%20%2219215a4af2b6d30-06e25f6747c0cc-4c657b58-2a3000-19215a4af2b6d30%22%2C%22%24initial_referrer%22%3A%20%22%24direct%22%2C%22%24initial_referring_domain%22%3A%20%22%24direct%22%7D',
    'REQUEST_TIME_FLOAT' => 1727188142.440483,
    'REQUEST_TIME' => 1727188142,
    'DB_HOST' => 'localhost',
    'DB_NAME' => 'teste',
    'DB_USERNAME' => 'postgres',
    'DB_PASSWORD' => '7812',
]
[24-Sep-2024 14:30:49 UTC] PHP Warning:  http_response_code(): Cannot set response code - headers already sent (output started at C:\teste-yii2\vendor\mpdf\mpdf\src\Mpdf.php:9624) in C:\teste-yii2\vendor\yiisoft\yii2\base\ErrorHandler.php on line 144
[24-Sep-2024 14:30:49 UTC] An Error occurred while handling another error:
yii\web\HeadersAlreadySentException: Headers already sent in C:\teste-yii2\vendor\mpdf\mpdf\src\Mpdf.php on line 9624. in C:\teste-yii2\vendor\yiisoft\yii2\web\Response.php:369
Stack trace:
#0 C:\teste-yii2\vendor\yiisoft\yii2\web\Response.php(342): yii\web\Response->sendHeaders()
#1 C:\teste-yii2\vendor\yiisoft\yii2\web\ErrorHandler.php(136): yii\web\Response->send()
#2 C:\teste-yii2\vendor\yiisoft\yii2\base\ErrorHandler.php(152): yii\web\ErrorHandler->renderException()
#3 [internal function]: yii\base\ErrorHandler->handleException()
#4 {main}
Previous exception:
yii\web\HeadersAlreadySentException: Headers already sent in C:\teste-yii2\vendor\mpdf\mpdf\src\Mpdf.php on line 9624. in C:\teste-yii2\vendor\yiisoft\yii2\web\Response.php:369
Stack trace:
#0 C:\teste-yii2\vendor\yiisoft\yii2\web\Response.php(342): yii\web\Response->sendHeaders()
#1 C:\teste-yii2\vendor\yiisoft\yii2\base\Application.php(390): yii\web\Response->send()
#2 C:\teste-yii2\web\index.php(12): yii\base\Application->run()
#3 {main}
$_SERVER = [
    'DOCUMENT_ROOT' => 'C:\\teste-yii2\\web',
    'REMOTE_ADDR' => '::1',
    'REMOTE_PORT' => '48407',
    'SERVER_SOFTWARE' => 'PHP/8.3.11 (Development Server)',
    'SERVER_PROTOCOL' => 'HTTP/1.1',
    'SERVER_NAME' => 'localhost',
    'SERVER_PORT' => '8080',
    'REQUEST_URI' => '/sale/export-pdf?ids=15,16',
    'REQUEST_METHOD' => 'GET',
    'SCRIPT_NAME' => '/index.php',
    'SCRIPT_FILENAME' => 'C:\\teste-yii2\\web\\index.php',
    'PATH_INFO' => '/sale/export-pdf',
    'PHP_SELF' => '/index.php/sale/export-pdf',
    'QUERY_STRING' => 'ids=15,16',
    'HTTP_HOST' => 'localhost:8080',
    'HTTP_CONNECTION' => 'keep-alive',
    'HTTP_SEC_CH_UA' => '"Microsoft Edge";v="129", "Not=A?Brand";v="8", "Chromium";v="129"',
    'HTTP_SEC_CH_UA_MOBILE' => '?0',
    'HTTP_SEC_CH_UA_PLATFORM' => '"Windows"',
    'HTTP_UPGRADE_INSECURE_REQUESTS' => '1',
    'HTTP_USER_AGENT' => 'Mozilla/5.0 (Windows NT 10.0; Win64; x64) AppleWebKit/537.36 (KHTML, like Gecko) Chrome/129.0.0.0 Safari/537.36 Edg/129.0.0.0',
    'HTTP_ACCEPT' => 'text/html,application/xhtml+xml,application/xml;q=0.9,image/avif,image/webp,image/apng,*/*;q=0.8,application/signed-exchange;v=b3;q=0.7',
    'HTTP_SEC_FETCH_SITE' => 'same-origin',
    'HTTP_SEC_FETCH_MODE' => 'navigate',
    'HTTP_SEC_FETCH_USER' => '?1',
    'HTTP_SEC_FETCH_DEST' => 'document',
    'HTTP_REFERER' => 'http://localhost:8080/sale/index?id=16',
    'HTTP_ACCEPT_ENCODING' => 'gzip, deflate, br, zstd',
    'HTTP_ACCEPT_LANGUAGE' => 'pt-PT,pt;q=0.9,pt-BR;q=0.8,en;q=0.7,en-US;q=0.6,en-GB;q=0.5',
    'HTTP_COOKIE' => 'PHPSESSID=8fg81ldfcjsfrcv3tauf3vpmmi; _identity=216473a8cd6ff1719156587684b2cbf44a2846d3635bfc0650d4e96132c3b815a%3A2%3A%7Bi%3A0%3Bs%3A9%3A%22_identity%22%3Bi%3A1%3Bs%3A46%3A%22%5B1%2C%22qzzTOttgW4ZGibeP8dMwmd4Y_0vPo7aR%22%2C2592000%5D%22%3B%7D; _csrf=2f5e9369ba70503c70b3710a466c21ac4f1b58e6bb2e289467b494000a2cf15da%3A2%3A%7Bi%3A0%3Bs%3A5%3A%22_csrf%22%3Bi%3A1%3Bs%3A32%3A%22biMxWFNkgztDsyQuIsFD3NGGAKZexvsU%22%3B%7D; mp_d7f79c10b89f9fa3026f2fb08d3cf36d_mixpanel=%7B%22distinct_id%22%3A%20%22%24device%3A19215a4af2b6d30-06e25f6747c0cc-4c657b58-2a3000-19215a4af2b6d30%22%2C%22%24device_id%22%3A%20%2219215a4af2b6d30-06e25f6747c0cc-4c657b58-2a3000-19215a4af2b6d30%22%2C%22%24initial_referrer%22%3A%20%22%24direct%22%2C%22%24initial_referring_domain%22%3A%20%22%24direct%22%7D',
    'HTTP_IF_MODIFIED_SINCE' => 'Tue, 24 Sep 2024 14:29:02 GMT',
    'REQUEST_TIME_FLOAT' => 1727188249.614314,
    'REQUEST_TIME' => 1727188249,
    'DB_HOST' => 'localhost',
    'DB_NAME' => 'teste',
    'DB_USERNAME' => 'postgres',
    'DB_PASSWORD' => '7812',
]
[24-Sep-2024 14:35:09 UTC] PHP Warning:  http_response_code(): Cannot set response code - headers already sent (output started at C:\teste-yii2\vendor\mpdf\mpdf\src\Mpdf.php:9624) in C:\teste-yii2\vendor\yiisoft\yii2\base\ErrorHandler.php on line 144
[24-Sep-2024 14:35:09 UTC] An Error occurred while handling another error:
yii\web\HeadersAlreadySentException: Headers already sent in C:\teste-yii2\vendor\mpdf\mpdf\src\Mpdf.php on line 9624. in C:\teste-yii2\vendor\yiisoft\yii2\web\Response.php:369
Stack trace:
#0 C:\teste-yii2\vendor\yiisoft\yii2\web\Response.php(342): yii\web\Response->sendHeaders()
#1 C:\teste-yii2\vendor\yiisoft\yii2\web\ErrorHandler.php(136): yii\web\Response->send()
#2 C:\teste-yii2\vendor\yiisoft\yii2\base\ErrorHandler.php(152): yii\web\ErrorHandler->renderException()
#3 [internal function]: yii\base\ErrorHandler->handleException()
#4 {main}
Previous exception:
yii\web\HeadersAlreadySentException: Headers already sent in C:\teste-yii2\vendor\mpdf\mpdf\src\Mpdf.php on line 9624. in C:\teste-yii2\vendor\yiisoft\yii2\web\Response.php:369
Stack trace:
#0 C:\teste-yii2\vendor\yiisoft\yii2\web\Response.php(342): yii\web\Response->sendHeaders()
#1 C:\teste-yii2\vendor\yiisoft\yii2\base\Application.php(390): yii\web\Response->send()
#2 C:\teste-yii2\web\index.php(12): yii\base\Application->run()
#3 {main}
$_SERVER = [
    'DOCUMENT_ROOT' => 'C:\\teste-yii2\\web',
    'REMOTE_ADDR' => '::1',
    'REMOTE_PORT' => '48769',
    'SERVER_SOFTWARE' => 'PHP/8.3.11 (Development Server)',
    'SERVER_PROTOCOL' => 'HTTP/1.1',
    'SERVER_NAME' => 'localhost',
    'SERVER_PORT' => '8080',
    'REQUEST_URI' => '/sale/export-pdf?ids=15,16',
    'REQUEST_METHOD' => 'GET',
    'SCRIPT_NAME' => '/index.php',
    'SCRIPT_FILENAME' => 'C:\\teste-yii2\\web\\index.php',
    'PATH_INFO' => '/sale/export-pdf',
    'PHP_SELF' => '/index.php/sale/export-pdf',
    'QUERY_STRING' => 'ids=15,16',
    'HTTP_HOST' => 'localhost:8080',
    'HTTP_CONNECTION' => 'keep-alive',
    'HTTP_SEC_CH_UA' => '"Microsoft Edge";v="129", "Not=A?Brand";v="8", "Chromium";v="129"',
    'HTTP_SEC_CH_UA_MOBILE' => '?0',
    'HTTP_SEC_CH_UA_PLATFORM' => '"Windows"',
    'HTTP_UPGRADE_INSECURE_REQUESTS' => '1',
    'HTTP_USER_AGENT' => 'Mozilla/5.0 (Windows NT 10.0; Win64; x64) AppleWebKit/537.36 (KHTML, like Gecko) Chrome/129.0.0.0 Safari/537.36 Edg/129.0.0.0',
    'HTTP_ACCEPT' => 'text/html,application/xhtml+xml,application/xml;q=0.9,image/avif,image/webp,image/apng,*/*;q=0.8,application/signed-exchange;v=b3;q=0.7',
    'HTTP_SEC_FETCH_SITE' => 'same-origin',
    'HTTP_SEC_FETCH_MODE' => 'navigate',
    'HTTP_SEC_FETCH_USER' => '?1',
    'HTTP_SEC_FETCH_DEST' => 'document',
    'HTTP_REFERER' => 'http://localhost:8080/sale/index?id=16',
    'HTTP_ACCEPT_ENCODING' => 'gzip, deflate, br, zstd',
    'HTTP_ACCEPT_LANGUAGE' => 'pt-PT,pt;q=0.9,pt-BR;q=0.8,en;q=0.7,en-US;q=0.6,en-GB;q=0.5',
    'HTTP_COOKIE' => 'PHPSESSID=8fg81ldfcjsfrcv3tauf3vpmmi; _identity=216473a8cd6ff1719156587684b2cbf44a2846d3635bfc0650d4e96132c3b815a%3A2%3A%7Bi%3A0%3Bs%3A9%3A%22_identity%22%3Bi%3A1%3Bs%3A46%3A%22%5B1%2C%22qzzTOttgW4ZGibeP8dMwmd4Y_0vPo7aR%22%2C2592000%5D%22%3B%7D; _csrf=2f5e9369ba70503c70b3710a466c21ac4f1b58e6bb2e289467b494000a2cf15da%3A2%3A%7Bi%3A0%3Bs%3A5%3A%22_csrf%22%3Bi%3A1%3Bs%3A32%3A%22biMxWFNkgztDsyQuIsFD3NGGAKZexvsU%22%3B%7D; mp_d7f79c10b89f9fa3026f2fb08d3cf36d_mixpanel=%7B%22distinct_id%22%3A%20%22%24device%3A19215a4af2b6d30-06e25f6747c0cc-4c657b58-2a3000-19215a4af2b6d30%22%2C%22%24device_id%22%3A%20%2219215a4af2b6d30-06e25f6747c0cc-4c657b58-2a3000-19215a4af2b6d30%22%2C%22%24initial_referrer%22%3A%20%22%24direct%22%2C%22%24initial_referring_domain%22%3A%20%22%24direct%22%7D',
    'HTTP_IF_MODIFIED_SINCE' => 'Tue, 24 Sep 2024 14:30:49 GMT',
    'REQUEST_TIME_FLOAT' => 1727188509.0312,
    'REQUEST_TIME' => 1727188509,
    'DB_HOST' => 'localhost',
    'DB_NAME' => 'teste',
    'DB_USERNAME' => 'postgres',
    'DB_PASSWORD' => '7812',
]
[24-Sep-2024 14:35:58 UTC] PHP Warning:  http_response_code(): Cannot set response code - headers already sent (output started at C:\teste-yii2\vendor\mpdf\mpdf\src\Mpdf.php:9624) in C:\teste-yii2\vendor\yiisoft\yii2\base\ErrorHandler.php on line 144
[24-Sep-2024 14:35:58 UTC] An Error occurred while handling another error:
yii\web\HeadersAlreadySentException: Headers already sent in C:\teste-yii2\vendor\mpdf\mpdf\src\Mpdf.php on line 9624. in C:\teste-yii2\vendor\yiisoft\yii2\web\Response.php:369
Stack trace:
#0 C:\teste-yii2\vendor\yiisoft\yii2\web\Response.php(342): yii\web\Response->sendHeaders()
#1 C:\teste-yii2\vendor\yiisoft\yii2\web\ErrorHandler.php(136): yii\web\Response->send()
#2 C:\teste-yii2\vendor\yiisoft\yii2\base\ErrorHandler.php(152): yii\web\ErrorHandler->renderException()
#3 [internal function]: yii\base\ErrorHandler->handleException()
#4 {main}
Previous exception:
yii\web\HeadersAlreadySentException: Headers already sent in C:\teste-yii2\vendor\mpdf\mpdf\src\Mpdf.php on line 9624. in C:\teste-yii2\vendor\yiisoft\yii2\web\Response.php:369
Stack trace:
#0 C:\teste-yii2\vendor\yiisoft\yii2\web\Response.php(342): yii\web\Response->sendHeaders()
#1 C:\teste-yii2\vendor\yiisoft\yii2\base\Application.php(390): yii\web\Response->send()
#2 C:\teste-yii2\web\index.php(12): yii\base\Application->run()
#3 {main}
$_SERVER = [
    'DOCUMENT_ROOT' => 'C:\\teste-yii2\\web',
    'REMOTE_ADDR' => '::1',
    'REMOTE_PORT' => '48834',
    'SERVER_SOFTWARE' => 'PHP/8.3.11 (Development Server)',
    'SERVER_PROTOCOL' => 'HTTP/1.1',
    'SERVER_NAME' => 'localhost',
    'SERVER_PORT' => '8080',
    'REQUEST_URI' => '/sale/export-pdf?ids=17',
    'REQUEST_METHOD' => 'GET',
    'SCRIPT_NAME' => '/index.php',
    'SCRIPT_FILENAME' => 'C:\\teste-yii2\\web\\index.php',
    'PATH_INFO' => '/sale/export-pdf',
    'PHP_SELF' => '/index.php/sale/export-pdf',
    'QUERY_STRING' => 'ids=17',
    'HTTP_HOST' => 'localhost:8080',
    'HTTP_CONNECTION' => 'keep-alive',
    'HTTP_SEC_CH_UA' => '"Microsoft Edge";v="129", "Not=A?Brand";v="8", "Chromium";v="129"',
    'HTTP_SEC_CH_UA_MOBILE' => '?0',
    'HTTP_SEC_CH_UA_PLATFORM' => '"Windows"',
    'HTTP_UPGRADE_INSECURE_REQUESTS' => '1',
    'HTTP_USER_AGENT' => 'Mozilla/5.0 (Windows NT 10.0; Win64; x64) AppleWebKit/537.36 (KHTML, like Gecko) Chrome/129.0.0.0 Safari/537.36 Edg/129.0.0.0',
    'HTTP_ACCEPT' => 'text/html,application/xhtml+xml,application/xml;q=0.9,image/avif,image/webp,image/apng,*/*;q=0.8,application/signed-exchange;v=b3;q=0.7',
    'HTTP_SEC_FETCH_SITE' => 'same-origin',
    'HTTP_SEC_FETCH_MODE' => 'navigate',
    'HTTP_SEC_FETCH_USER' => '?1',
    'HTTP_SEC_FETCH_DEST' => 'document',
    'HTTP_REFERER' => 'http://localhost:8080/sale/index?id=17',
    'HTTP_ACCEPT_ENCODING' => 'gzip, deflate, br, zstd',
    'HTTP_ACCEPT_LANGUAGE' => 'pt-PT,pt;q=0.9,pt-BR;q=0.8,en;q=0.7,en-US;q=0.6,en-GB;q=0.5',
    'HTTP_COOKIE' => 'PHPSESSID=8fg81ldfcjsfrcv3tauf3vpmmi; _identity=216473a8cd6ff1719156587684b2cbf44a2846d3635bfc0650d4e96132c3b815a%3A2%3A%7Bi%3A0%3Bs%3A9%3A%22_identity%22%3Bi%3A1%3Bs%3A46%3A%22%5B1%2C%22qzzTOttgW4ZGibeP8dMwmd4Y_0vPo7aR%22%2C2592000%5D%22%3B%7D; _csrf=2f5e9369ba70503c70b3710a466c21ac4f1b58e6bb2e289467b494000a2cf15da%3A2%3A%7Bi%3A0%3Bs%3A5%3A%22_csrf%22%3Bi%3A1%3Bs%3A32%3A%22biMxWFNkgztDsyQuIsFD3NGGAKZexvsU%22%3B%7D; mp_d7f79c10b89f9fa3026f2fb08d3cf36d_mixpanel=%7B%22distinct_id%22%3A%20%22%24device%3A19215a4af2b6d30-06e25f6747c0cc-4c657b58-2a3000-19215a4af2b6d30%22%2C%22%24device_id%22%3A%20%2219215a4af2b6d30-06e25f6747c0cc-4c657b58-2a3000-19215a4af2b6d30%22%2C%22%24initial_referrer%22%3A%20%22%24direct%22%2C%22%24initial_referring_domain%22%3A%20%22%24direct%22%7D',
    'REQUEST_TIME_FLOAT' => 1727188557.748462,
    'REQUEST_TIME' => 1727188557,
    'DB_HOST' => 'localhost',
    'DB_NAME' => 'teste',
    'DB_USERNAME' => 'postgres',
    'DB_PASSWORD' => '7812',
]
